Export started at 2025-10-12 08:01:18
Output target is (SAPCM_SEPT2025 / main) /SAPCM_REPO
--------------------------------------------------
[Configuration/SAPCM-SEPT25_ADV-UFDL/Ultra Format] - Exporting SAPCM-SEPT25_ADV-UFDL.UFL_Elecusg
[Configuration/SAPCM-SEPT25_ADV-UFDL/Ultra Format] - Exporting SAPCM-SEPT25_ADV-UFDL.UFL_SeqFormat
[Configuration/SAPCM-SEPT25_ADV-UFDL/Ultra Format] - Exporting SAPCM-SEPT25_ADV-UFDL.UFL_StudentJSON
[Configuration/SAPCM-SEPT25_ADV-UFDL/Ultra Format] - Exporting SAPCM-SEPT25_ADV-UFDL.UFL_Usage
[Configuration/SAPCM-SEPT25_ADV-UFDL/Ultra Format] - Exporting SAPCM-SEPT25_ADV-UFDL.UFL_UsgTotal
--------------------------------------------------
[Configuration/SAPCM-SEPT25_APL-BASICS/APL Code] - Exporting SAPCM-SEPT25_APL-BASICS.APL_APL_Fundamentals
--------------------------------------------------
[Configuration/SAPCM-SEPT25_APL-BASICS/Workflow] - Exporting SAPCM-SEPT25_APL-BASICS.WFL_Variables
--------------------------------------------------
[Configuration/SAPCM-SEPT25_APL-BASICS_FUNCTIONS/APL Code] - Exporting SAPCM-SEPT25_APL-BASICS_FUNCTIONS.APL_FUN_USAGE
--------------------------------------------------
[Configuration/SAPCM-SEPT25_APL-BASICS_FUNCTIONS/Ultra Format] - Exporting SAPCM-SEPT25_APL-BASICS_FUNCTIONS.UFL_UsageOut
[Configuration/SAPCM-SEPT25_APL-BASICS_FUNCTIONS/Ultra Format] - Exporting SAPCM-SEPT25_APL-BASICS_FUNCTIONS.UFL_USG_IP
[Configuration/SAPCM-SEPT25_APL-BASICS_FUNCTIONS/Ultra Format] - Exporting SAPCM-SEPT25_APL-BASICS_FUNCTIONS.UFL_USG_OP
[Configuration/SAPCM-SEPT25_APL-BASICS_FUNCTIONS/Ultra Format] - Exporting SAPCM-SEPT25_APL-BASICS_FUNCTIONS.ULF_UsageInput
--------------------------------------------------
[Configuration/SAPCM-SEPT25_APL-BASICS_FUNCTIONS/Workflow] - Exporting SAPCM-SEPT25_APL-BASICS_FUNCTIONS.WFL_USAGE
[Configuration/SAPCM-SEPT25_APL-BASICS_FUNCTIONS/Workflow] - Exporting SAPCM-SEPT25_APL-BASICS_FUNCTIONS.WFL_USAGE_DATE_USECASE
--------------------------------------------------
[Configuration/SAPCM-SEPT25_DATASTRUCTURES/Ultra Format] - Exporting SAPCM-SEPT25_DATASTRUCTURES.UFL_Cons
--------------------------------------------------
[Configuration/SAPCM-SEPT25_DATASTRUCTURES/Workflow] - Exporting SAPCM-SEPT25_DATASTRUCTURES.WFL_CombiningFiles_UsecaseList
[Configuration/SAPCM-SEPT25_DATASTRUCTURES/Workflow] - Exporting SAPCM-SEPT25_DATASTRUCTURES.WFL_Datastructures_Fund2
[Configuration/SAPCM-SEPT25_DATASTRUCTURES/Workflow] - Exporting SAPCM-SEPT25_DATASTRUCTURES.WFL_DS_Fundamentals
[Configuration/SAPCM-SEPT25_DATASTRUCTURES/Workflow] - Exporting SAPCM-SEPT25_DATASTRUCTURES.WFL_ListUseCase_NetSysCons
--------------------------------------------------
[Configuration/SAPCM-SEPT25_DECODING/Ultra Format] - Exporting SAPCM-SEPT25_DECODING.UFL_Person
--------------------------------------------------
[Configuration/SAPCM-SEPT25_DECODING/Workflow] - Exporting SAPCM-SEPT25_DECODING.WFL_DecodingTest
[Configuration/SAPCM-SEPT25_DECODING/Workflow] - Exporting SAPCM-SEPT25_DECODING.WFL_DecodingTest2
--------------------------------------------------
[Configuration/SAPCM-SEPT25_FUNC-BLOCKS/Workflow] - Exporting SAPCM-SEPT25_FUNC-BLOCKS.WFL_FunctionBlocks
--------------------------------------------------
[Configuration/SAPCM-SEPT25_MIM/Ultra Format] - Exporting SAPCM-SEPT25_MIM.UFL_BILLING
[Configuration/SAPCM-SEPT25_MIM/Ultra Format] - Exporting SAPCM-SEPT25_MIM.UFL_Consg
--------------------------------------------------
[Configuration/SAPCM-SEPT25_MIM/Workflow] - Exporting SAPCM-SEPT25_MIM.WFL_AccessingPredefinedMIM
[Configuration/SAPCM-SEPT25_MIM/Workflow] - Exporting SAPCM-SEPT25_MIM.WFL_MIM_FilenameUsecase
[Configuration/SAPCM-SEPT25_MIM/Workflow] - Exporting SAPCM-SEPT25_MIM.WFL_MIM_RecordLevelUsecase
--------------------------------------------------
[System/Pico Group] - Exporting EC_GROUP1
[System/Pico Group] - Exporting EC_GROUP3
--------------------------------------------------
[System/User] - Exporting sapcmuser14
--------------------------------------------------
Export finished at 2025-10-12 08:01:18
